x_p (ad) =
-0.777337 0 0 0 0 0 0 0 0 0 
0 -0.977773 0 0 0 0 0 0 0 0 
0 0 -0.843946 0 0 0 0 0 0 0 
0 0 0 -0.827093 0 0 0 0 0 0 
0 0 0 0 -0.679809 0 0 0 0 0 
0 0 0 0 0 -0.822561 0 0 0 0 
0 0 0 0 0 0 -0.946187 0 0 0 
0 0 0 0 0 0 0 -0.859524 0 0 
0 0 0 0 0 0 0 0 -0.902847 0 
0 0 0 0 0 0 0 0 0 -0.99308 
x_p (sd) =
-0.777337         0        -0        -0        -0        -0        -0        -0        -0        -0
        0 -0.977773         0         0         0         0         0         0         0         0
        0         0 -0.843946         0         0         0         0         0         0         0
        0         0         0 -0.827093         0         0         0         0         0         0
       -0        -0        -0        -0 -0.679809         0        -0        -0        -0        -0
        0         0         0         0         0 -0.822561         0         0         0         0
        0         0         0         0         0         0 -0.946187         0         0         0
        0         0         0         0         0         0         0 -0.859524         0         0
       -0        -0        -0        -0        -0        -0        -0        -0 -0.902847         0
        0         0         0         0         0         0         0         0         0 -0.994101
